<?xml version="1.0" encoding="UTF-8"?>
<!-- Generated by org.testng.reporters.JUnitXMLReporter -->
<testsuite hostname="LAPTOP-Q9KDIF6A" ignored="2" name="Default test" tests="1" failures="0" timestamp="01 Apr 2022 08:01:23 GMT" time="0.094" errors="0">
  <testcase name="tc2" time="0.01" classname="org.test.TestNg"/>
  <testcase name="tc1" time="0.0" classname="org.test.TestNg">
    <ignored/>
  </testcase> <!-- tc1 -->
  <testcase name="tc3" time="0.0" classname="org.test.TestNg">
    <ignored/>
  </testcase> <!-- tc3 -->
</testsuite> <!-- Default test -->
